<?xml version="1.0" encoding="UTF-8"?>
<testsuite name="com.cnameproject.springboot.dto.HelloResponseDtoTest" tests="1" skipped="0" failures="0" errors="0" timestamp="2021-07-21T13:39:44" hostname="DESKTOP-0MP2TRR" time="0.003">
  <properties/>
  <testcase name="롬복_기능_테스트" classname="com.cnameproject.springboot.dto.HelloResponseDtoTest" time="0.003"/>
  <system-out><![CDATA[]]></system-out>
  <system-err><![CDATA[]]></system-err>
</testsuite>
