<?xml version="1.0" encoding="UTF-8"?>
<testsuite name="com.cnameproject.springboot.HelloControllerTest" tests="2" skipped="0" failures="0" errors="0" timestamp="2021-07-26T04:51:59" hostname="DESKTOP-0MP2TRR" time="0.212">
  <properties/>
  <testcase name="helloReturn" classname="com.cnameproject.springboot.HelloControllerTest" time="0.091"/>
  <testcase name="helloDto가_리턴된다" classname="com.cnameproject.springboot.HelloControllerTest" time="0.12"/>
  <system-out><![CDATA[2021-07-26 13:51:57.636  INFO 9220 --- [    Test worker] .b.t.a.w.s.WebMvcTestContextBootstrapper : Neither @ContextConfiguration nor @ContextHierarchy found for test class [com.cnameproject.springboot.HelloControllerTest], using SpringBootContextLoader
2021-07-26 13:51:57.637  INFO 9220 --- [    Test worker] o.s.t.c.support.AbstractContextLoader    : Could not detect default resource locations for test class [com.cnameproject.springboot.HelloControllerTest]: no resource found for suffixes {-context.xml, Context.groovy}.
2021-07-26 13:51:57.637  INFO 9220 --- [    Test worker] t.c.s.AnnotationConfigContextLoaderUtils : Could not detect default configuration classes for test class [com.cnameproject.springboot.HelloControllerTest]: HelloControllerTest does not declare any static, non-private, non-final, nested classes annotated with @Configuration.
2021-07-26 13:51:57.660  INFO 9220 --- [    Test worker] .b.t.c.SpringBootTestContextBootstrapper : Found @SpringBootConfiguration com.cnameproject.springboot.Application for test class com.cnameproject.springboot.HelloControllerTest
2021-07-26 13:51:57.660  INFO 9220 --- [    Test worker] .b.t.a.w.s.WebMvcTestContextBootstrapper : Loaded default TestExecutionListener class names from location [META-INF/spring.factories]: [org.springframework.security.test.context.support.WithSecurityContextTestExecutionListener, org.springframework.security.test.context.support.ReactorContextTestExecutionListener, org.springframework.boot.test.autoconfigure.restdocs.RestDocsTestExecutionListener, org.springframework.boot.test.autoconfigure.web.client.MockRestServiceServerResetTestExecutionListener, org.springframework.boot.test.autoconfigure.web.servlet.MockMvcPrintOnlyOnFailureTestExecutionListener, org.springframework.boot.test.autoconfigure.web.servlet.WebDriverTestExecutionListener, org.springframework.boot.test.mock.mockito.MockitoTestExecutionListener, org.springframework.boot.test.mock.mockito.ResetMocksTestExecutionListener, org.springframework.test.context.web.ServletTestExecutionListener, org.springframework.test.context.support.DirtiesContextBeforeModesTestExecutionListener, org.springframework.test.context.support.DependencyInjectionTestExecutionListener, org.springframework.test.context.support.DirtiesContextTestExecutionListener, org.springframework.test.context.transaction.TransactionalTestExecutionListener, org.springframework.test.context.jdbc.SqlScriptsTestExecutionListener]
2021-07-26 13:51:57.662  INFO 9220 --- [    Test worker] .b.t.a.w.s.WebMvcTestContextBootstrapper : Using TestExecutionListeners: [org.springframework.test.context.web.ServletTestExecutionListener@183da18a, org.springframework.test.context.support.DirtiesContextBeforeModesTestExecutionListener@3de96832, org.springframework.boot.test.mock.mockito.MockitoTestExecutionListener@3d493729, org.springframework.boot.test.autoconfigure.SpringBootDependencyInjectionTestExecutionListener@6147a61, org.springframework.test.context.support.DirtiesContextTestExecutionListener@7350aad8, org.springframework.test.context.transaction.TransactionalTestExecutionListener@58ee478, org.springframework.test.context.jdbc.SqlScriptsTestExecutionListener@710a7b9f, org.springframework.security.test.context.support.WithSecurityContextTestExecutionListener@54e8d0ad, org.springframework.security.test.context.support.ReactorContextTestExecutionListener@2298a682, org.springframework.boot.test.autoconfigure.restdocs.RestDocsTestExecutionListener@50c73b8d, org.springframework.boot.test.autoconfigure.web.client.MockRestServiceServerResetTestExecutionListener@72b36489, org.springframework.boot.test.autoconfigure.web.servlet.MockMvcPrintOnlyOnFailureTestExecutionListener@604cafca, org.springframework.boot.test.autoconfigure.web.servlet.WebDriverTestExecutionListener@787b9f7, org.springframework.boot.test.mock.mockito.ResetMocksTestExecutionListener@6ef5f1d9]

  .   ____          _            __ _ _
 /\\ / ___'_ __ _ _(_)_ __  __ _ \ \ \ \
( ( )\___ | '_ | '_| | '_ \/ _` | \ \ \ \
 \\/  ___)| |_)| | | | | || (_| |  ) ) ) )
  '  |____| .__|_| |_|_| |_\__, | / / / /
 =========|_|==============|___/=/_/_/_/
 :: Spring Boot ::        (v2.1.7.RELEASE)

2021-07-26 13:51:57.731  INFO 9220 --- [    Test worker] c.c.springboot.HelloControllerTest       : Starting HelloControllerTest on DESKTOP-0MP2TRR with PID 9220 (started by leehd in C:\Users\leehd\Documents\GitHub\cname_springprac_webservice)
2021-07-26 13:51:57.733  INFO 9220 --- [    Test worker] c.c.springboot.HelloControllerTest       : No active profile set, falling back to default profiles: default
2021-07-26 13:51:58.616  INFO 9220 --- [    Test worker] o.s.s.concurrent.ThreadPoolTaskExecutor  : Initializing ExecutorService 'applicationTaskExecutor'
2021-07-26 13:51:58.675  INFO 9220 --- [    Test worker] o.s.b.a.w.s.WelcomePageHandlerMapping    : Adding welcome page template: index
2021-07-26 13:51:58.985  INFO 9220 --- [    Test worker] .s.s.UserDetailsServiceAutoConfiguration : 

Using generated security password: 7cabfd39-0107-4798-8247-ef199efa54bc

2021-07-26 13:51:59.193  INFO 9220 --- [    Test worker] o.s.s.web.DefaultSecurityFilterChain     : Creating filter chain: any request, [org.springframework.security.web.context.request.async.WebAsyncManagerIntegrationFilter@819f2dc, org.springframework.security.web.context.SecurityContextPersistenceFilter@63452821, org.springframework.security.web.header.HeaderWriterFilter@29cb4cca, org.springframework.security.web.csrf.CsrfFilter@31628d6b, org.springframework.security.web.authentication.logout.LogoutFilter@e2aa86, org.springframework.security.web.authentication.UsernamePasswordAuthenticationFilter@649caeaa, org.springframework.security.web.authentication.ui.DefaultLoginPageGeneratingFilter@73498ea5, org.springframework.security.web.authentication.ui.DefaultLogoutPageGeneratingFilter@5e5a4936, org.springframework.security.web.authentication.www.BasicAuthenticationFilter@8b5732d, org.springframework.security.web.savedrequest.RequestCacheAwareFilter@30ea81b8, org.springframework.security.web.servletapi.SecurityContextHolderAwareRequestFilter@43343673, org.springframework.security.web.authentication.AnonymousAuthenticationFilter@7d5565cb, org.springframework.security.web.session.SessionManagementFilter@ce7954d, org.springframework.security.web.access.ExceptionTranslationFilter@5b3119a8, org.springframework.security.web.access.intercept.FilterSecurityInterceptor@5a5941f5]
2021-07-26 13:51:59.244  INFO 9220 --- [    Test worker] o.s.b.t.m.w.SpringBootMockServletContext : Initializing Spring TestDispatcherServlet ''
2021-07-26 13:51:59.244  INFO 9220 --- [    Test worker] o.s.t.web.servlet.TestDispatcherServlet  : Initializing Servlet ''
2021-07-26 13:51:59.258  INFO 9220 --- [    Test worker] o.s.t.web.servlet.TestDispatcherServlet  : Completed initialization in 14 ms
2021-07-26 13:51:59.290  INFO 9220 --- [    Test worker] c.c.springboot.HelloControllerTest       : Started HelloControllerTest in 1.624 seconds (JVM running for 12.703)
]]></system-out>
  <system-err><![CDATA[]]></system-err>
</testsuite>
