<?xml version="1.0" encoding="UTF-8"?>
<testsuite name="com.cnameproject.springboot.domain.posts.PostsRepositoryTest" tests="2" skipped="0" failures="0" errors="0" timestamp="2021-07-21T13:39:43" hostname="DESKTOP-0MP2TRR" time="0.261">
  <properties/>
  <testcase name="BaseTimeEntity_등록" classname="com.cnameproject.springboot.domain.posts.PostsRepositoryTest" time="0.246"/>
  <testcase name="postsave_bring" classname="com.cnameproject.springboot.domain.posts.PostsRepositoryTest" time="0.015"/>
  <system-out><![CDATA[2021-07-21 22:39:37.892  INFO 8392 --- [    Test worker] .b.t.c.SpringBootTestContextBootstrapper : Neither @ContextConfiguration nor @ContextHierarchy found for test class [com.cnameproject.springboot.domain.posts.PostsRepositoryTest], using SpringBootContextLoader
2021-07-21 22:39:37.894  INFO 8392 --- [    Test worker] o.s.t.c.support.AbstractContextLoader    : Could not detect default resource locations for test class [com.cnameproject.springboot.domain.posts.PostsRepositoryTest]: no resource found for suffixes {-context.xml, Context.groovy}.
2021-07-21 22:39:37.894  INFO 8392 --- [    Test worker] t.c.s.AnnotationConfigContextLoaderUtils : Could not detect default configuration classes for test class [com.cnameproject.springboot.domain.posts.PostsRepositoryTest]: PostsRepositoryTest does not declare any static, non-private, non-final, nested classes annotated with @Configuration.
2021-07-21 22:39:37.914  INFO 8392 --- [    Test worker] .b.t.c.SpringBootTestContextBootstrapper : Found @SpringBootConfiguration com.cnameproject.springboot.Application for test class com.cnameproject.springboot.domain.posts.PostsRepositoryTest
2021-07-21 22:39:37.916  INFO 8392 --- [    Test worker] .b.t.c.SpringBootTestContextBootstrapper : Loaded default TestExecutionListener class names from location [META-INF/spring.factories]: [org.springframework.security.test.context.support.WithSecurityContextTestExecutionListener, org.springframework.security.test.context.support.ReactorContextTestExecutionListener, org.springframework.boot.test.autoconfigure.restdocs.RestDocsTestExecutionListener, org.springframework.boot.test.autoconfigure.web.client.MockRestServiceServerResetTestExecutionListener, org.springframework.boot.test.autoconfigure.web.servlet.MockMvcPrintOnlyOnFailureTestExecutionListener, org.springframework.boot.test.autoconfigure.web.servlet.WebDriverTestExecutionListener, org.springframework.boot.test.mock.mockito.MockitoTestExecutionListener, org.springframework.boot.test.mock.mockito.ResetMocksTestExecutionListener, org.springframework.test.context.web.ServletTestExecutionListener, org.springframework.test.context.support.DirtiesContextBeforeModesTestExecutionListener, org.springframework.test.context.support.DependencyInjectionTestExecutionListener, org.springframework.test.context.support.DirtiesContextTestExecutionListener, org.springframework.test.context.transaction.TransactionalTestExecutionListener, org.springframework.test.context.jdbc.SqlScriptsTestExecutionListener]
2021-07-21 22:39:37.917  INFO 8392 --- [    Test worker] .b.t.c.SpringBootTestContextBootstrapper : Using TestExecutionListeners: [org.springframework.test.context.web.ServletTestExecutionListener@58c91c43, org.springframework.test.context.support.DirtiesContextBeforeModesTestExecutionListener@160a5eb4, org.springframework.boot.test.mock.mockito.MockitoTestExecutionListener@3250beeb, org.springframework.boot.test.autoconfigure.SpringBootDependencyInjectionTestExecutionListener@5bdec5ba, org.springframework.test.context.support.DirtiesContextTestExecutionListener@4b65e186, org.springframework.test.context.transaction.TransactionalTestExecutionListener@fdef9a0, org.springframework.test.context.jdbc.SqlScriptsTestExecutionListener@384ea956, org.springframework.security.test.context.support.WithSecurityContextTestExecutionListener@151058f0, org.springframework.security.test.context.support.ReactorContextTestExecutionListener@719de205, org.springframework.boot.test.autoconfigure.restdocs.RestDocsTestExecutionListener@9f6166f, org.springframework.boot.test.autoconfigure.web.client.MockRestServiceServerResetTestExecutionListener@443f1a1e, org.springframework.boot.test.autoconfigure.web.servlet.MockMvcPrintOnlyOnFailureTestExecutionListener@537f1db1, org.springframework.boot.test.autoconfigure.web.servlet.WebDriverTestExecutionListener@4dec4011, org.springframework.boot.test.mock.mockito.ResetMocksTestExecutionListener@749072ad]

  .   ____          _            __ _ _
 /\\ / ___'_ __ _ _(_)_ __  __ _ \ \ \ \
( ( )\___ | '_ | '_| | '_ \/ _` | \ \ \ \
 \\/  ___)| |_)| | | | | || (_| |  ) ) ) )
  '  |____| .__|_| |_|_| |_\__, | / / / /
 =========|_|==============|___/=/_/_/_/
 :: Spring Boot ::        (v2.1.7.RELEASE)

2021-07-21 22:39:37.955  INFO 8392 --- [    Test worker] c.c.s.domain.posts.PostsRepositoryTest   : Starting PostsRepositoryTest on DESKTOP-0MP2TRR with PID 8392 (started by leehd in C:\Users\leehd\Documents\GitHub\cname_springprac_webservice)
2021-07-21 22:39:37.956  INFO 8392 --- [    Test worker] c.c.s.domain.posts.PostsRepositoryTest   : No active profile set, falling back to default profiles: default
2021-07-21 22:39:38.525  INFO 8392 --- [    Test worker] .s.d.r.c.RepositoryConfigurationDelegate : Bootstrapping Spring Data repositories in DEFAULT mode.
2021-07-21 22:39:38.642  INFO 8392 --- [    Test worker] .s.d.r.c.RepositoryConfigurationDelegate : Finished Spring Data repository scanning in 106ms. Found 2 repository interfaces.
2021-07-21 22:39:39.058  INFO 8392 --- [    Test worker] trationDelegate$BeanPostProcessorChecker : Bean 'org.springframework.transaction.annotation.ProxyTransactionManagementConfiguration' of type [org.springframework.transaction.annotation.ProxyTransactionManagementConfiguration$$EnhancerBySpringCGLIB$$e55389c8] is not eligible for getting processed by all BeanPostProcessors (for example: not eligible for auto-proxying)
2021-07-21 22:39:39.315  INFO 8392 --- [    Test worker] com.zaxxer.hikari.HikariDataSource       : HikariPool-1 - Starting...
2021-07-21 22:39:39.621  INFO 8392 --- [    Test worker] com.zaxxer.hikari.HikariDataSource       : HikariPool-1 - Start completed.
2021-07-21 22:39:39.769  INFO 8392 --- [    Test worker] o.hibernate.jpa.internal.util.LogHelper  : HHH000204: Processing PersistenceUnitInfo [
	name: default
	...]
2021-07-21 22:39:39.913  INFO 8392 --- [    Test worker] org.hibernate.Version                    : HHH000412: Hibernate Core {5.3.10.Final}
2021-07-21 22:39:39.918  INFO 8392 --- [    Test worker] org.hibernate.cfg.Environment            : HHH000206: hibernate.properties not found
2021-07-21 22:39:40.017  INFO 8392 --- [    Test worker] o.hibernate.annotations.common.Version   : HCANN000001: Hibernate Commons Annotations {5.0.4.Final}
2021-07-21 22:39:40.324  INFO 8392 --- [    Test worker] org.hibernate.dialect.Dialect            : HHH000400: Using dialect: org.hibernate.dialect.MySQL5InnoDBDialect
Hibernate: drop table if exists posts
Hibernate: drop table if exists user
Hibernate: create table posts (id bigint not null auto_increment, created_date datetime, modified_date datetime, author varchar(255), content TEXT not null, title varchar(500) not null, primary key (id)) engine=InnoDB
Hibernate: create table user (id bigint not null auto_increment, created_date datetime, modified_date datetime, email varchar(255) not null, name varchar(255) not null, picture varchar(255), role varchar(255) not null, primary key (id)) engine=InnoDB
2021-07-21 22:39:41.166  INFO 8392 --- [    Test worker] o.h.t.schema.internal.SchemaCreatorImpl  : HHH000476: Executing import script 'org.hibernate.tool.schema.internal.exec.ScriptSourceInputNonExistentImpl@69dc3319'
2021-07-21 22:39:41.171  INFO 8392 --- [    Test worker] j.LocalContainerEntityManagerFactoryBean : Initialized JPA EntityManagerFactory for persistence unit 'default'
2021-07-21 22:39:41.989  INFO 8392 --- [    Test worker] o.h.h.i.QueryTranslatorFactoryInitiator  : HHH000397: Using ASTQueryTranslatorFactory
2021-07-21 22:39:42.486  INFO 8392 --- [    Test worker] o.s.s.web.DefaultSecurityFilterChain     : Creating filter chain: any request, [org.springframework.security.web.context.request.async.WebAsyncManagerIntegrationFilter@51b250c8, org.springframework.security.web.context.SecurityContextPersistenceFilter@166120e9, org.springframework.security.web.header.HeaderWriterFilter@2e5b8a34, org.springframework.security.web.authentication.logout.LogoutFilter@50269268, org.springframework.security.oauth2.client.web.OAuth2AuthorizationRequestRedirectFilter@666462bb, org.springframework.security.oauth2.client.web.OAuth2LoginAuthenticationFilter@4937ce16, org.springframework.security.web.authentication.ui.DefaultLoginPageGeneratingFilter@4f5f8502, org.springframework.security.web.authentication.ui.DefaultLogoutPageGeneratingFilter@2a544b18, org.springframework.security.web.savedrequest.RequestCacheAwareFilter@18dc00fa, org.springframework.security.web.servletapi.SecurityContextHolderAwareRequestFilter@6a2423ff, org.springframework.security.web.authentication.AnonymousAuthenticationFilter@502eb534, org.springframework.security.web.session.SessionManagementFilter@574055c, org.springframework.security.web.access.ExceptionTranslationFilter@41b9e14e, org.springframework.security.web.access.intercept.FilterSecurityInterceptor@40dc7040]
2021-07-21 22:39:43.052  INFO 8392 --- [    Test worker] o.s.s.concurrent.ThreadPoolTaskExecutor  : Initializing ExecutorService 'applicationTaskExecutor'
2021-07-21 22:39:43.077  WARN 8392 --- [    Test worker] aWebConfiguration$JpaWebMvcConfiguration : spring.jpa.open-in-view is enabled by default. Therefore, database queries may be performed during view rendering. Explicitly configure spring.jpa.open-in-view to disable this warning
2021-07-21 22:39:43.124  INFO 8392 --- [    Test worker] o.s.b.a.w.s.WelcomePageHandlerMapping    : Adding welcome page template: index
2021-07-21 22:39:43.837  INFO 8392 --- [    Test worker] s.a.ScheduledAnnotationBeanPostProcessor : No TaskScheduler/ScheduledExecutorService bean found for scheduled processing
2021-07-21 22:39:43.849  INFO 8392 --- [    Test worker] c.c.s.domain.posts.PostsRepositoryTest   : Started PostsRepositoryTest in 5.929 seconds (JVM running for 11.931)
Hibernate: insert into posts (created_date, modified_date, author, content, title) values (?, ?, ?, ?, ?)
Hibernate: select posts0_.id as id1_0_, posts0_.created_date as created_2_0_, posts0_.modified_date as modified3_0_, posts0_.author as author4_0_, posts0_.content as content5_0_, posts0_.title as title6_0_ from posts posts0_
>>>>>>>>> createDate=2021-07-21T22:39:43.918588, modifiedDate=2021-07-21T22:39:43.918588
Hibernate: select posts0_.id as id1_0_, posts0_.created_date as created_2_0_, posts0_.modified_date as modified3_0_, posts0_.author as author4_0_, posts0_.content as content5_0_, posts0_.title as title6_0_ from posts posts0_
Hibernate: delete from posts where id=?
Hibernate: insert into posts (created_date, modified_date, author, content, title) values (?, ?, ?, ?, ?)
Hibernate: select posts0_.id as id1_0_, posts0_.created_date as created_2_0_, posts0_.modified_date as modified3_0_, posts0_.author as author4_0_, posts0_.content as content5_0_, posts0_.title as title6_0_ from posts posts0_
Hibernate: select posts0_.id as id1_0_, posts0_.created_date as created_2_0_, posts0_.modified_date as modified3_0_, posts0_.author as author4_0_, posts0_.content as content5_0_, posts0_.title as title6_0_ from posts posts0_
Hibernate: delete from posts where id=?
]]></system-out>
  <system-err><![CDATA[]]></system-err>
</testsuite>
