<?xml version="1.0" encoding="UTF-8"?>
<testsuite name="com.cnameproject.springboot.IndexControllerTest" tests="1" skipped="0" failures="0" errors="0" timestamp="2021-07-26T04:52:02" hostname="DESKTOP-0MP2TRR" time="0.235">
  <properties/>
  <testcase name="메인페이지_로딩" classname="com.cnameproject.springboot.IndexControllerTest" time="0.235"/>
  <system-out><![CDATA[2021-07-26 13:51:59.511  INFO 9220 --- [    Test worker] .b.t.c.SpringBootTestContextBootstrapper : Neither @ContextConfiguration nor @ContextHierarchy found for test class [com.cnameproject.springboot.IndexControllerTest], using SpringBootContextLoader
2021-07-26 13:51:59.513  INFO 9220 --- [    Test worker] o.s.t.c.support.AbstractContextLoader    : Could not detect default resource locations for test class [com.cnameproject.springboot.IndexControllerTest]: no resource found for suffixes {-context.xml, Context.groovy}.
2021-07-26 13:51:59.513  INFO 9220 --- [    Test worker] t.c.s.AnnotationConfigContextLoaderUtils : Could not detect default configuration classes for test class [com.cnameproject.springboot.IndexControllerTest]: IndexControllerTest does not declare any static, non-private, non-final, nested classes annotated with @Configuration.
2021-07-26 13:51:59.515  INFO 9220 --- [    Test worker] .b.t.c.SpringBootTestContextBootstrapper : Found @SpringBootConfiguration com.cnameproject.springboot.Application for test class com.cnameproject.springboot.IndexControllerTest
2021-07-26 13:51:59.517  INFO 9220 --- [    Test worker] .b.t.c.SpringBootTestContextBootstrapper : Loaded default TestExecutionListener class names from location [META-INF/spring.factories]: [org.springframework.security.test.context.support.WithSecurityContextTestExecutionListener, org.springframework.security.test.context.support.ReactorContextTestExecutionListener, org.springframework.boot.test.autoconfigure.restdocs.RestDocsTestExecutionListener, org.springframework.boot.test.autoconfigure.web.client.MockRestServiceServerResetTestExecutionListener, org.springframework.boot.test.autoconfigure.web.servlet.MockMvcPrintOnlyOnFailureTestExecutionListener, org.springframework.boot.test.autoconfigure.web.servlet.WebDriverTestExecutionListener, org.springframework.boot.test.mock.mockito.MockitoTestExecutionListener, org.springframework.boot.test.mock.mockito.ResetMocksTestExecutionListener, org.springframework.test.context.web.ServletTestExecutionListener, org.springframework.test.context.support.DirtiesContextBeforeModesTestExecutionListener, org.springframework.test.context.support.DependencyInjectionTestExecutionListener, org.springframework.test.context.support.DirtiesContextTestExecutionListener, org.springframework.test.context.transaction.TransactionalTestExecutionListener, org.springframework.test.context.jdbc.SqlScriptsTestExecutionListener]
2021-07-26 13:51:59.518  INFO 9220 --- [    Test worker] .b.t.c.SpringBootTestContextBootstrapper : Using TestExecutionListeners: [org.springframework.test.context.web.ServletTestExecutionListener@3dcf70e2, org.springframework.test.context.support.DirtiesContextBeforeModesTestExecutionListener@27211b5e, org.springframework.boot.test.mock.mockito.MockitoTestExecutionListener@4b85a563, org.springframework.boot.test.autoconfigure.SpringBootDependencyInjectionTestExecutionListener@2585b189, org.springframework.test.context.support.DirtiesContextTestExecutionListener@630b9dbb, org.springframework.test.context.transaction.TransactionalTestExecutionListener@4cdf916f, org.springframework.test.context.jdbc.SqlScriptsTestExecutionListener@2a979b2a, org.springframework.security.test.context.support.WithSecurityContextTestExecutionListener@22966e08, org.springframework.security.test.context.support.ReactorContextTestExecutionListener@1dcfc9a4, org.springframework.boot.test.autoconfigure.restdocs.RestDocsTestExecutionListener@2dab679b, org.springframework.boot.test.autoconfigure.web.client.MockRestServiceServerResetTestExecutionListener@3b73f7cf, org.springframework.boot.test.autoconfigure.web.servlet.MockMvcPrintOnlyOnFailureTestExecutionListener@2a043887, org.springframework.boot.test.autoconfigure.web.servlet.WebDriverTestExecutionListener@4965468a, org.springframework.boot.test.mock.mockito.ResetMocksTestExecutionListener@3f046782]

  .   ____          _            __ _ _
 /\\ / ___'_ __ _ _(_)_ __  __ _ \ \ \ \
( ( )\___ | '_ | '_| | '_ \/ _` | \ \ \ \
 \\/  ___)| |_)| | | | | || (_| |  ) ) ) )
  '  |____| .__|_| |_|_| |_\__, | / / / /
 =========|_|==============|___/=/_/_/_/
 :: Spring Boot ::        (v2.1.7.RELEASE)

2021-07-26 13:51:59.580  INFO 9220 --- [    Test worker] c.c.springboot.IndexControllerTest       : Starting IndexControllerTest on DESKTOP-0MP2TRR with PID 9220 (started by leehd in C:\Users\leehd\Documents\GitHub\cname_springprac_webservice)
2021-07-26 13:51:59.581  INFO 9220 --- [    Test worker] c.c.springboot.IndexControllerTest       : No active profile set, falling back to default profiles: default
2021-07-26 13:51:59.925  INFO 9220 --- [    Test worker] .s.d.r.c.RepositoryConfigurationDelegate : Bootstrapping Spring Data repositories in DEFAULT mode.
2021-07-26 13:51:59.961  INFO 9220 --- [    Test worker] .s.d.r.c.RepositoryConfigurationDelegate : Finished Spring Data repository scanning in 36ms. Found 2 repository interfaces.
2021-07-26 13:52:00.088  INFO 9220 --- [    Test worker] trationDelegate$BeanPostProcessorChecker : Bean 'org.springframework.transaction.annotation.ProxyTransactionManagementConfiguration' of type [org.springframework.transaction.annotation.ProxyTransactionManagementConfiguration$$EnhancerBySpringCGLIB$$a3b93193] is not eligible for getting processed by all BeanPostProcessors (for example: not eligible for auto-proxying)
2021-07-26 13:52:00.438  INFO 9220 --- [    Test worker] o.s.b.w.embedded.tomcat.TomcatWebServer  : Tomcat initialized with port(s): 0 (http)
2021-07-26 13:52:00.486  INFO 9220 --- [    Test worker] o.apache.catalina.core.StandardService   : Starting service [Tomcat]
2021-07-26 13:52:00.487  INFO 9220 --- [    Test worker] org.apache.catalina.core.StandardEngine  : Starting Servlet engine: [Apache Tomcat/9.0.22]
2021-07-26 13:52:00.775  INFO 9220 --- [    Test worker] o.a.c.c.C.[Tomcat].[localhost].[/]       : Initializing Spring embedded WebApplicationContext
2021-07-26 13:52:00.775  INFO 9220 --- [    Test worker] o.s.web.context.ContextLoader            : Root WebApplicationContext: initialization completed in 1189 ms
2021-07-26 13:52:01.037  INFO 9220 --- [    Test worker] com.zaxxer.hikari.HikariDataSource       : HikariPool-2 - Starting...
2021-07-26 13:52:01.039  INFO 9220 --- [    Test worker] com.zaxxer.hikari.HikariDataSource       : HikariPool-2 - Start completed.
2021-07-26 13:52:01.096  INFO 9220 --- [    Test worker] o.hibernate.jpa.internal.util.LogHelper  : HHH000204: Processing PersistenceUnitInfo [
	name: default
	...]
2021-07-26 13:52:01.115  INFO 9220 --- [    Test worker] org.hibernate.dialect.Dialect            : HHH000400: Using dialect: org.hibernate.dialect.MySQL5InnoDBDialect
Hibernate: drop table if exists posts
Hibernate: drop table if exists user
Hibernate: create table posts (id bigint not null auto_increment, created_date datetime, modified_date datetime, author varchar(255), content TEXT not null, title varchar(500) not null, primary key (id)) engine=InnoDB
Hibernate: create table user (id bigint not null auto_increment, created_date datetime, modified_date datetime, email varchar(255) not null, name varchar(255) not null, picture varchar(255), role varchar(255) not null, primary key (id)) engine=InnoDB
2021-07-26 13:52:01.182  INFO 9220 --- [    Test worker] o.h.t.schema.internal.SchemaCreatorImpl  : HHH000476: Executing import script 'org.hibernate.tool.schema.internal.exec.ScriptSourceInputNonExistentImpl@11766eff'
2021-07-26 13:52:01.183  INFO 9220 --- [    Test worker] j.LocalContainerEntityManagerFactoryBean : Initialized JPA EntityManagerFactory for persistence unit 'default'
2021-07-26 13:52:01.569  INFO 9220 --- [    Test worker] o.h.h.i.QueryTranslatorFactoryInitiator  : HHH000397: Using ASTQueryTranslatorFactory
2021-07-26 13:52:01.789  INFO 9220 --- [    Test worker] o.s.s.web.DefaultSecurityFilterChain     : Creating filter chain: any request, [org.springframework.security.web.context.request.async.WebAsyncManagerIntegrationFilter@32fee879, org.springframework.security.web.context.SecurityContextPersistenceFilter@7cc0c132, org.springframework.security.web.header.HeaderWriterFilter@3e7429b4, org.springframework.security.web.authentication.logout.LogoutFilter@7e1381c7, org.springframework.security.oauth2.client.web.OAuth2AuthorizationRequestRedirectFilter@7224ac42, org.springframework.security.oauth2.client.web.OAuth2LoginAuthenticationFilter@3e08dc15, org.springframework.security.web.authentication.ui.DefaultLoginPageGeneratingFilter@4201920, org.springframework.security.web.authentication.ui.DefaultLogoutPageGeneratingFilter@2a4d21f3, org.springframework.security.web.savedrequest.RequestCacheAwareFilter@53c5c40c, org.springframework.security.web.servletapi.SecurityContextHolderAwareRequestFilter@4ce36e49, org.springframework.security.web.authentication.AnonymousAuthenticationFilter@7d5cce44, org.springframework.security.web.session.SessionManagementFilter@7727e590, org.springframework.security.web.access.ExceptionTranslationFilter@5b2e8096, org.springframework.security.web.access.intercept.FilterSecurityInterceptor@4b4a6c31]
2021-07-26 13:52:02.033  INFO 9220 --- [    Test worker] o.s.s.concurrent.ThreadPoolTaskExecutor  : Initializing ExecutorService 'applicationTaskExecutor'
2021-07-26 13:52:02.051  WARN 9220 --- [    Test worker] aWebConfiguration$JpaWebMvcConfiguration : spring.jpa.open-in-view is enabled by default. Therefore, database queries may be performed during view rendering. Explicitly configure spring.jpa.open-in-view to disable this warning
2021-07-26 13:52:02.092  INFO 9220 --- [    Test worker] o.s.b.a.w.s.WelcomePageHandlerMapping    : Adding welcome page template: index
2021-07-26 13:52:02.443  INFO 9220 --- [    Test worker] s.a.ScheduledAnnotationBeanPostProcessor : No TaskScheduler/ScheduledExecutorService bean found for scheduled processing
2021-07-26 13:52:02.471  INFO 9220 --- [    Test worker] o.s.b.w.embedded.tomcat.TomcatWebServer  : Tomcat started on port(s): 62699 (http) with context path ''
2021-07-26 13:52:02.472  INFO 9220 --- [    Test worker] c.c.springboot.IndexControllerTest       : Started IndexControllerTest in 2.944 seconds (JVM running for 15.885)
2021-07-26 13:52:02.586  INFO 9220 --- [o-auto-1-exec-1] o.a.c.c.C.[Tomcat].[localhost].[/]       : Initializing Spring DispatcherServlet 'dispatcherServlet'
2021-07-26 13:52:02.587  INFO 9220 --- [o-auto-1-exec-1] o.s.web.servlet.DispatcherServlet        : Initializing Servlet 'dispatcherServlet'
2021-07-26 13:52:02.612  INFO 9220 --- [o-auto-1-exec-1] o.s.web.servlet.DispatcherServlet        : Completed initialization in 25 ms
Hibernate: select posts0_.id as id1_0_, posts0_.created_date as created_2_0_, posts0_.modified_date as modified3_0_, posts0_.author as author4_0_, posts0_.content as content5_0_, posts0_.title as title6_0_ from posts posts0_ order by posts0_.id DESC
]]></system-out>
  <system-err><![CDATA[]]></system-err>
</testsuite>
