<?xml version="1.0" encoding="UTF-8"?>
<testsuite name="com.cnameproject.springboot.web.PostsApiControllerTest" tests="2" skipped="0" failures="0" errors="0" timestamp="2021-07-21T13:39:47" hostname="DESKTOP-0MP2TRR" time="0.157">
  <properties/>
  <testcase name="Posts_수정" classname="com.cnameproject.springboot.web.PostsApiControllerTest" time="0.125"/>
  <testcase name="Post_등록" classname="com.cnameproject.springboot.web.PostsApiControllerTest" time="0.031"/>
  <system-out><![CDATA[2021-07-21 22:39:47.815  INFO 8392 --- [    Test worker] .b.t.c.SpringBootTestContextBootstrapper : Neither @ContextConfiguration nor @ContextHierarchy found for test class [com.cnameproject.springboot.web.PostsApiControllerTest], using SpringBootContextLoader
2021-07-21 22:39:47.816  INFO 8392 --- [    Test worker] o.s.t.c.support.AbstractContextLoader    : Could not detect default resource locations for test class [com.cnameproject.springboot.web.PostsApiControllerTest]: no resource found for suffixes {-context.xml, Context.groovy}.
2021-07-21 22:39:47.817  INFO 8392 --- [    Test worker] t.c.s.AnnotationConfigContextLoaderUtils : Could not detect default configuration classes for test class [com.cnameproject.springboot.web.PostsApiControllerTest]: PostsApiControllerTest does not declare any static, non-private, non-final, nested classes annotated with @Configuration.
2021-07-21 22:39:47.832  INFO 8392 --- [    Test worker] .b.t.c.SpringBootTestContextBootstrapper : Found @SpringBootConfiguration com.cnameproject.springboot.Application for test class com.cnameproject.springboot.web.PostsApiControllerTest
2021-07-21 22:39:47.835  INFO 8392 --- [    Test worker] .b.t.c.SpringBootTestContextBootstrapper : Loaded default TestExecutionListener class names from location [META-INF/spring.factories]: [org.springframework.security.test.context.support.WithSecurityContextTestExecutionListener, org.springframework.security.test.context.support.ReactorContextTestExecutionListener, org.springframework.boot.test.autoconfigure.restdocs.RestDocsTestExecutionListener, org.springframework.boot.test.autoconfigure.web.client.MockRestServiceServerResetTestExecutionListener, org.springframework.boot.test.autoconfigure.web.servlet.MockMvcPrintOnlyOnFailureTestExecutionListener, org.springframework.boot.test.autoconfigure.web.servlet.WebDriverTestExecutionListener, org.springframework.boot.test.mock.mockito.MockitoTestExecutionListener, org.springframework.boot.test.mock.mockito.ResetMocksTestExecutionListener, org.springframework.test.context.web.ServletTestExecutionListener, org.springframework.test.context.support.DirtiesContextBeforeModesTestExecutionListener, org.springframework.test.context.support.DependencyInjectionTestExecutionListener, org.springframework.test.context.support.DirtiesContextTestExecutionListener, org.springframework.test.context.transaction.TransactionalTestExecutionListener, org.springframework.test.context.jdbc.SqlScriptsTestExecutionListener]
2021-07-21 22:39:47.837  INFO 8392 --- [    Test worker] .b.t.c.SpringBootTestContextBootstrapper : Using TestExecutionListeners: [org.springframework.test.context.web.ServletTestExecutionListener@9fb9f47, org.springframework.test.context.support.DirtiesContextBeforeModesTestExecutionListener@5597382d, org.springframework.boot.test.mock.mockito.MockitoTestExecutionListener@4a844dea, org.springframework.boot.test.autoconfigure.SpringBootDependencyInjectionTestExecutionListener@32ae275a, org.springframework.test.context.support.DirtiesContextTestExecutionListener@67fa87ef, org.springframework.test.context.transaction.TransactionalTestExecutionListener@b408d6d, org.springframework.test.context.jdbc.SqlScriptsTestExecutionListener@63c36af2, org.springframework.security.test.context.support.WithSecurityContextTestExecutionListener@20141527, org.springframework.security.test.context.support.ReactorContextTestExecutionListener@13623b35, org.springframework.boot.test.autoconfigure.restdocs.RestDocsTestExecutionListener@1cc6f7d1, org.springframework.boot.test.autoconfigure.web.client.MockRestServiceServerResetTestExecutionListener@64aa8a41, org.springframework.boot.test.autoconfigure.web.servlet.MockMvcPrintOnlyOnFailureTestExecutionListener@641716de, org.springframework.boot.test.autoconfigure.web.servlet.WebDriverTestExecutionListener@66ae32fa, org.springframework.boot.test.mock.mockito.ResetMocksTestExecutionListener@4d7d3981]
2021-07-21 22:39:47.847  INFO 8392 --- [    Test worker] o.a.c.c.C.[Tomcat].[localhost].[/]       : Initializing Spring TestDispatcherServlet ''
2021-07-21 22:39:47.848  INFO 8392 --- [    Test worker] o.s.t.web.servlet.TestDispatcherServlet  : Initializing Servlet ''
2021-07-21 22:39:47.851  INFO 8392 --- [    Test worker] o.s.t.web.servlet.TestDispatcherServlet  : Completed initialization in 3 ms
Hibernate: insert into posts (created_date, modified_date, author, content, title) values (?, ?, ?, ?, ?)
Hibernate: select posts0_.id as id1_0_0_, posts0_.created_date as created_2_0_0_, posts0_.modified_date as modified3_0_0_, posts0_.author as author4_0_0_, posts0_.content as content5_0_0_, posts0_.title as title6_0_0_ from posts posts0_ where posts0_.id=?
Hibernate: update posts set created_date=?, modified_date=?, author=?, content=?, title=? where id=?
Hibernate: select posts0_.id as id1_0_, posts0_.created_date as created_2_0_, posts0_.modified_date as modified3_0_, posts0_.author as author4_0_, posts0_.content as content5_0_, posts0_.title as title6_0_ from posts posts0_
Hibernate: select posts0_.id as id1_0_, posts0_.created_date as created_2_0_, posts0_.modified_date as modified3_0_, posts0_.author as author4_0_, posts0_.content as content5_0_, posts0_.title as title6_0_ from posts posts0_
Hibernate: delete from posts where id=?
2021-07-21 22:39:47.971  INFO 8392 --- [    Test worker] o.a.c.c.C.[Tomcat].[localhost].[/]       : Initializing Spring TestDispatcherServlet ''
2021-07-21 22:39:47.971  INFO 8392 --- [    Test worker] o.s.t.web.servlet.TestDispatcherServlet  : Initializing Servlet ''
2021-07-21 22:39:47.975  INFO 8392 --- [    Test worker] o.s.t.web.servlet.TestDispatcherServlet  : Completed initialization in 4 ms
Hibernate: insert into posts (created_date, modified_date, author, content, title) values (?, ?, ?, ?, ?)
Hibernate: select posts0_.id as id1_0_, posts0_.created_date as created_2_0_, posts0_.modified_date as modified3_0_, posts0_.author as author4_0_, posts0_.content as content5_0_, posts0_.title as title6_0_ from posts posts0_
Hibernate: select posts0_.id as id1_0_, posts0_.created_date as created_2_0_, posts0_.modified_date as modified3_0_, posts0_.author as author4_0_, posts0_.content as content5_0_, posts0_.title as title6_0_ from posts posts0_
Hibernate: delete from posts where id=?
]]></system-out>
  <system-err><![CDATA[]]></system-err>
</testsuite>
